{"contracts/GhostWriterNFT.sol":{"l":{"69":0,"70":0,"71":0,"78":0,"79":0,"80":0,"81":0,"88":0,"89":0,"90":0,"100":0,"101":0,"102":0,"119":0,"120":0,"121":0,"122":0,"123":0,"124":0,"130":0,"133":0,"134":0,"137":0,"140":0,"156":0,"158":0,"160":0,"174":0,"175":0,"176":0,"179":0,"180":0,"183":0,"186":0,"202":0,"204":0,"206":0,"216":0,"217":0,"219":0,"220":0,"221":0,"224":0,"226":0,"227":0,"229":0,"232":0,"241":0,"242":0,"251":0,"262":0,"269":0,"278":0,"280":0,"282":0,"283":0,"286":0,"294":0,"295":0,"297":0,"298":0,"299":0,"300":0,"301":0,"303":0,"304":0,"305":0,"306":0,"307":0,"309":0},"path":"/home/ubuntu/projects/GhostWriter/contracts/GhostWriterNFT.sol","s":{"1":0,"2":0,"3":0,"4":0,"5":0,"6":0,"7":0,"8":0,"9":0,"10":0,"11":0,"12":0,"13":0,"14":0,"15":0,"16":0,"17":0,"18":0,"19":0,"20":0,"21":0,"22":0,"23":0,"24":0,"25":0,"26":0,"27":0,"28":0,"29":0,"30":0,"31":0,"32":0,"33":0,"34":0,"35":0,"36":0,"37":0,"38":0,"39":0,"40":0,"41":0,"42":0,"43":0,"44":0,"45":0,"46":0,"47":0,"48":0,"49":0,"50":0,"51":0,"52":0},"b":{"1":[0,0],"2":[0,0],"3":[0,0],"4":[0,0],"5":[0,0],"6":[0,0],"7":[0,0],"8":[0,0],"9":[0,0],"10":[0,0],"11":[0,0],"12":[0,0],"13":[0,0],"14":[0,0],"15":[0,0],"16":[0,0],"17":[0,0],"18":[0,0],"19":[0,0],"20":[0,0],"21":[0,0],"22":[0,0],"23":[0,0],"24":[0,0],"25":[0,0],"26":[0,0],"27":[0,0],"28":[0,0]},"f":{"1":0,"2":0,"3":0,"4":0,"5":0,"6":0,"7":0,"8":0,"9":0,"10":0,"11":0,"12":0,"13":0},"fnMap":{"1":{"name":"onlyStoryManager","line":68,"loc":{"start":{"line":68,"column":4},"end":{"line":72,"column":4}}},"2":{"name":"constructor","line":77,"loc":{"start":{"line":74,"column":4},"end":{"line":82,"column":4}}},"3":{"name":"setStoryManager","line":87,"loc":{"start":{"line":87,"column":4},"end":{"line":91,"column":4}}},"4":{"name":"updateBaseURIs","line":99,"loc":{"start":{"line":96,"column":4},"end":{"line":103,"column":4}}},"5":{"name":"mintHiddenNFT","line":118,"loc":{"start":{"line":110,"column":4},"end":{"line":161,"column":4}}},"6":{"name":"mintCreatorNFT","line":173,"loc":{"start":{"line":168,"column":4},"end":{"line":207,"column":4}}},"7":{"name":"revealStoryNFTs","line":215,"loc":{"start":{"line":213,"column":4},"end":{"line":233,"column":4}}},"8":{"name":"getNFTData","line":238,"loc":{"start":{"line":238,"column":4},"end":{"line":243,"column":4}}},"9":{"name":"getStoryTokens","line":248,"loc":{"start":{"line":248,"column":4},"end":{"line":252,"column":4}}},"10":{"name":"checkContribution","line":257,"loc":{"start":{"line":257,"column":4},"end":{"line":263,"column":4}}},"11":{"name":"totalSupply","line":268,"loc":{"start":{"line":268,"column":4},"end":{"line":270,"column":4}}},"12":{"name":"tokenURI","line":275,"loc":{"start":{"line":275,"column":4},"end":{"line":288,"column":4}}},"13":{"name":"_toString","line":293,"loc":{"start":{"line":293,"column":4},"end":{"line":310,"column":4}}}},"statementMap":{"1":{"start":{"line":69,"column":8},"end":{"line":69,"column":66}},"2":{"start":{"line":70,"column":8},"end":{"line":70,"column":72}},"3":{"start":{"line":78,"column":8},"end":{"line":78,"column":65}},"4":{"start":{"line":79,"column":8},"end":{"line":79,"column":69}},"5":{"start":{"line":88,"column":8},"end":{"line":88,"column":62}},"6":{"start":{"line":90,"column":8},"end":{"line":90,"column":47}},"7":{"start":{"line":102,"column":8},"end":{"line":102,"column":51}},"8":{"start":{"line":119,"column":8},"end":{"line":119,"column":64}},"9":{"start":{"line":120,"column":8},"end":{"line":120,"column":60}},"10":{"start":{"line":121,"column":8},"end":{"line":121,"column":61}},"11":{"start":{"line":122,"column":8},"end":{"line":122,"column":63}},"12":{"start":{"line":123,"column":8},"end":{"line":123,"column":74}},"13":{"start":{"line":124,"column":8},"end":{"line":124,"column":4182}},"14":{"start":{"line":134,"column":8},"end":{"line":134,"column":41}},"15":{"start":{"line":137,"column":8},"end":{"line":137,"column":38}},"16":{"start":{"line":156,"column":8},"end":{"line":156,"column":41}},"17":{"start":{"line":158,"column":8},"end":{"line":158,"column":63}},"18":{"start":{"line":160,"column":8},"end":{"line":160,"column":22}},"19":{"start":{"line":174,"column":8},"end":{"line":174,"column":56}},"20":{"start":{"line":175,"column":8},"end":{"line":175,"column":60}},"21":{"start":{"line":176,"column":8},"end":{"line":176,"column":71}},"22":{"start":{"line":180,"column":8},"end":{"line":180,"column":41}},"23":{"start":{"line":183,"column":8},"end":{"line":183,"column":34}},"24":{"start":{"line":202,"column":8},"end":{"line":202,"column":41}},"25":{"start":{"line":204,"column":8},"end":{"line":204,"column":56}},"26":{"start":{"line":206,"column":8},"end":{"line":206,"column":22}},"27":{"start":{"line":216,"column":8},"end":{"line":216,"column":56}},"28":{"start":{"line":217,"column":8},"end":{"line":217,"column":61}},"29":{"start":{"line":219,"column":8},"end":{"line":219,"column":7353}},"30":{"start":{"line":220,"column":12},"end":{"line":220,"column":41}},"31":{"start":{"line":221,"column":12},"end":{"line":221,"column":51}},"32":{"start":{"line":224,"column":12},"end":{"line":224,"column":39}},"33":{"start":{"line":229,"column":12},"end":{"line":229,"column":59}},"34":{"start":{"line":232,"column":8},"end":{"line":232,"column":46}},"35":{"start":{"line":241,"column":8},"end":{"line":241,"column":71}},"36":{"start":{"line":242,"column":8},"end":{"line":242,"column":31}},"37":{"start":{"line":251,"column":8},"end":{"line":251,"column":35}},"38":{"start":{"line":262,"column":8},"end":{"line":262,"column":61}},"39":{"start":{"line":269,"column":8},"end":{"line":269,"column":30}},"40":{"start":{"line":278,"column":8},"end":{"line":278,"column":71}},"41":{"start":{"line":280,"column":8},"end":{"line":280,"column":46}},"42":{"start":{"line":282,"column":8},"end":{"line":282,"column":9055}},"43":{"start":{"line":283,"column":12},"end":{"line":283,"column":9158}},"44":{"start":{"line":286,"column":12},"end":{"line":286,"column":79}},"45":{"start":{"line":294,"column":8},"end":{"line":294,"column":9430}},"46":{"start":{"line":295,"column":12},"end":{"line":295,"column":22}},"47":{"start":{"line":297,"column":8},"end":{"line":297,"column":28}},"48":{"start":{"line":298,"column":8},"end":{"line":298,"column":22}},"49":{"start":{"line":299,"column":8},"end":{"line":299,"column":9544}},"50":{"start":{"line":303,"column":8},"end":{"line":303,"column":47}},"51":{"start":{"line":304,"column":8},"end":{"line":304,"column":9677}},"52":{"start":{"line":309,"column":8},"end":{"line":309,"column":29}}},"branchMap":{"1":{"line":69,"type":"if","locations":[{"start":{"line":69,"column":8},"end":{"line":69,"column":8}},{"start":{"line":69,"column":8},"end":{"line":69,"column":8}}]},"2":{"line":70,"type":"if","locations":[{"start":{"line":70,"column":8},"end":{"line":70,"column":8}},{"start":{"line":70,"column":8},"end":{"line":70,"column":8}}]},"3":{"line":78,"type":"if","locations":[{"start":{"line":78,"column":8},"end":{"line":78,"column":8}},{"start":{"line":78,"column":8},"end":{"line":78,"column":8}}]},"4":{"line":79,"type":"if","locations":[{"start":{"line":79,"column":8},"end":{"line":79,"column":8}},{"start":{"line":79,"column":8},"end":{"line":79,"column":8}}]},"5":{"line":87,"type":"if","locations":[{"start":{"line":87,"column":61},"end":{"line":87,"column":61}},{"start":{"line":87,"column":61},"end":{"line":87,"column":61}}]},"6":{"line":88,"type":"if","locations":[{"start":{"line":88,"column":8},"end":{"line":88,"column":8}},{"start":{"line":88,"column":8},"end":{"line":88,"column":8}}]},"7":{"line":99,"type":"if","locations":[{"start":{"line":99,"column":15},"end":{"line":99,"column":15}},{"start":{"line":99,"column":15},"end":{"line":99,"column":15}}]},"8":{"line":118,"type":"if","locations":[{"start":{"line":118,"column":15},"end":{"line":118,"column":15}},{"start":{"line":118,"column":15},"end":{"line":118,"column":15}}]},"9":{"line":118,"type":"if","locations":[{"start":{"line":118,"column":32},"end":{"line":118,"column":32}},{"start":{"line":118,"column":32},"end":{"line":118,"column":32}}]},"10":{"line":119,"type":"if","locations":[{"start":{"line":119,"column":8},"end":{"line":119,"column":8}},{"start":{"line":119,"column":8},"end":{"line":119,"column":8}}]},"11":{"line":120,"type":"if","locations":[{"start":{"line":120,"column":8},"end":{"line":120,"column":8}},{"start":{"line":120,"column":8},"end":{"line":120,"column":8}}]},"12":{"line":121,"type":"if","locations":[{"start":{"line":121,"column":8},"end":{"line":121,"column":8}},{"start":{"line":121,"column":8},"end":{"line":121,"column":8}}]},"13":{"line":122,"type":"if","locations":[{"start":{"line":122,"column":8},"end":{"line":122,"column":8}},{"start":{"line":122,"column":8},"end":{"line":122,"column":8}}]},"14":{"line":123,"type":"if","locations":[{"start":{"line":123,"column":8},"end":{"line":123,"column":8}},{"start":{"line":123,"column":8},"end":{"line":123,"column":8}}]},"15":{"line":124,"type":"if","locations":[{"start":{"line":124,"column":8},"end":{"line":124,"column":8}},{"start":{"line":124,"column":8},"end":{"line":124,"column":8}}]},"16":{"line":173,"type":"if","locations":[{"start":{"line":173,"column":15},"end":{"line":173,"column":15}},{"start":{"line":173,"column":15},"end":{"line":173,"column":15}}]},"17":{"line":173,"type":"if","locations":[{"start":{"line":173,"column":32},"end":{"line":173,"column":32}},{"start":{"line":173,"column":32},"end":{"line":173,"column":32}}]},"18":{"line":174,"type":"if","locations":[{"start":{"line":174,"column":8},"end":{"line":174,"column":8}},{"start":{"line":174,"column":8},"end":{"line":174,"column":8}}]},"19":{"line":175,"type":"if","locations":[{"start":{"line":175,"column":8},"end":{"line":175,"column":8}},{"start":{"line":175,"column":8},"end":{"line":175,"column":8}}]},"20":{"line":176,"type":"if","locations":[{"start":{"line":176,"column":8},"end":{"line":176,"column":8}},{"start":{"line":176,"column":8},"end":{"line":176,"column":8}}]},"21":{"line":215,"type":"if","locations":[{"start":{"line":215,"column":15},"end":{"line":215,"column":15}},{"start":{"line":215,"column":15},"end":{"line":215,"column":15}}]},"22":{"line":215,"type":"if","locations":[{"start":{"line":215,"column":32},"end":{"line":215,"column":32}},{"start":{"line":215,"column":32},"end":{"line":215,"column":32}}]},"23":{"line":217,"type":"if","locations":[{"start":{"line":217,"column":8},"end":{"line":217,"column":8}},{"start":{"line":217,"column":8},"end":{"line":217,"column":8}}]},"24":{"line":224,"type":"if","locations":[{"start":{"line":224,"column":12},"end":{"line":224,"column":12}},{"start":{"line":224,"column":12},"end":{"line":224,"column":12}}]},"25":{"line":241,"type":"if","locations":[{"start":{"line":241,"column":8},"end":{"line":241,"column":8}},{"start":{"line":241,"column":8},"end":{"line":241,"column":8}}]},"26":{"line":278,"type":"if","locations":[{"start":{"line":278,"column":8},"end":{"line":278,"column":8}},{"start":{"line":278,"column":8},"end":{"line":278,"column":8}}]},"27":{"line":282,"type":"if","locations":[{"start":{"line":282,"column":8},"end":{"line":282,"column":8}},{"start":{"line":282,"column":8},"end":{"line":282,"column":8}}]},"28":{"line":294,"type":"if","locations":[{"start":{"line":294,"column":8},"end":{"line":294,"column":8}},{"start":{"line":294,"column":8},"end":{"line":294,"column":8}}]}}},"contracts/GhostWriterToken.sol":{"l":{"19":0,"20":0,"21":0,"28":0,"29":0,"31":0,"32":0,"33":0,"34":0,"35":0,"36":0},"path":"/home/ubuntu/projects/GhostWriter/contracts/GhostWriterToken.sol","s":{"1":0,"2":0,"3":0,"4":0,"5":0,"6":0,"7":0,"8":0,"9":0,"10":0,"11":0},"b":{"1":[0,0],"2":[0,0],"3":[0,0],"4":[0,0],"5":[0,0],"6":[0,0],"7":[0,0],"8":[0,0]},"f":{"1":0,"2":0,"3":0},"fnMap":{"1":{"name":"constructor","line":16,"loc":{"start":{"line":16,"column":4},"end":{"line":16,"column":69}}},"2":{"name":"mint","line":18,"loc":{"start":{"line":18,"column":4},"end":{"line":22,"column":4}}},"3":{"name":"airdrop","line":27,"loc":{"start":{"line":24,"column":4},"end":{"line":38,"column":4}}}},"statementMap":{"1":{"start":{"line":19,"column":8},"end":{"line":19,"column":53}},"2":{"start":{"line":20,"column":8},"end":{"line":20,"column":44}},"3":{"start":{"line":21,"column":8},"end":{"line":21,"column":24}},"4":{"start":{"line":28,"column":8},"end":{"line":28,"column":72}},"5":{"start":{"line":29,"column":8},"end":{"line":29,"column":54}},"6":{"start":{"line":31,"column":8},"end":{"line":31,"column":1061}},"7":{"start":{"line":32,"column":12},"end":{"line":32,"column":38}},"8":{"start":{"line":33,"column":12},"end":{"line":33,"column":39}},"9":{"start":{"line":34,"column":12},"end":{"line":34,"column":57}},"10":{"start":{"line":35,"column":12},"end":{"line":35,"column":48}},"11":{"start":{"line":36,"column":12},"end":{"line":36,"column":28}}},"branchMap":{"1":{"line":18,"type":"if","locations":[{"start":{"line":18,"column":55},"end":{"line":18,"column":55}},{"start":{"line":18,"column":55},"end":{"line":18,"column":55}}]},"2":{"line":19,"type":"if","locations":[{"start":{"line":19,"column":8},"end":{"line":19,"column":8}},{"start":{"line":19,"column":8},"end":{"line":19,"column":8}}]},"3":{"line":20,"type":"if","locations":[{"start":{"line":20,"column":8},"end":{"line":20,"column":8}},{"start":{"line":20,"column":8},"end":{"line":20,"column":8}}]},"4":{"line":27,"type":"if","locations":[{"start":{"line":27,"column":15},"end":{"line":27,"column":15}},{"start":{"line":27,"column":15},"end":{"line":27,"column":15}}]},"5":{"line":28,"type":"if","locations":[{"start":{"line":28,"column":8},"end":{"line":28,"column":8}},{"start":{"line":28,"column":8},"end":{"line":28,"column":8}}]},"6":{"line":29,"type":"if","locations":[{"start":{"line":29,"column":8},"end":{"line":29,"column":8}},{"start":{"line":29,"column":8},"end":{"line":29,"column":8}}]},"7":{"line":34,"type":"if","locations":[{"start":{"line":34,"column":12},"end":{"line":34,"column":12}},{"start":{"line":34,"column":12},"end":{"line":34,"column":12}}]},"8":{"line":35,"type":"if","locations":[{"start":{"line":35,"column":12},"end":{"line":35,"column":12}},{"start":{"line":35,"column":12},"end":{"line":35,"column":12}}]}}},"contracts/LiquidityPool.sol":{"l":{"26":0,"30":0,"39":0,"40":0,"41":0,"48":0,"49":0,"50":0,"57":0,"58":0,"66":0,"67":0,"70":0,"71":0,"73":0,"80":0,"81":0,"84":0,"85":0,"87":0,"94":0,"101":0,"108":0,"109":0},"path":"/home/ubuntu/projects/GhostWriter/contracts/LiquidityPool.sol","s":{"1":0,"2":0,"3":0,"4":0,"5":0,"6":0,"7":0,"8":0,"9":0,"10":0,"11":0,"12":0,"13":0,"14":0,"15":0,"16":0,"17":0,"18":0,"19":0},"b":{"1":[0,0],"2":[0,0],"3":[0,0],"4":[0,0],"5":[0,0],"6":[0,0],"7":[0,0],"8":[0,0],"9":[0,0],"10":[0,0],"11":[0,0],"12":[0,0],"13":[0,0],"14":[0,0],"15":[0,0],"16":[0,0],"17":[0,0],"18":[0,0]},"f":{"1":0,"2":0,"3":0,"4":0,"5":0,"6":0,"7":0,"8":0,"9":0},"fnMap":{"1":{"name":"onlyStoryManager","line":25,"loc":{"start":{"line":25,"column":4},"end":{"line":31,"column":4}}},"2":{"name":"constructor","line":33,"loc":{"start":{"line":33,"column":4},"end":{"line":33,"column":39}}},"3":{"name":"setStoryManager","line":38,"loc":{"start":{"line":38,"column":4},"end":{"line":42,"column":4}}},"4":{"name":"setGhostToken","line":47,"loc":{"start":{"line":47,"column":4},"end":{"line":51,"column":4}}},"5":{"name":"deposit","line":56,"loc":{"start":{"line":56,"column":4},"end":{"line":59,"column":4}}},"6":{"name":"withdraw","line":65,"loc":{"start":{"line":65,"column":4},"end":{"line":74,"column":4}}},"7":{"name":"withdrawAll","line":79,"loc":{"start":{"line":79,"column":4},"end":{"line":88,"column":4}}},"8":{"name":"getBalance","line":93,"loc":{"start":{"line":93,"column":4},"end":{"line":95,"column":4}}},"9":{"name":"totalCollected","line":100,"loc":{"start":{"line":100,"column":4},"end":{"line":102,"column":4}}}},"statementMap":{"1":{"start":{"line":26,"column":8},"end":{"line":26,"column":851}},"2":{"start":{"line":39,"column":8},"end":{"line":39,"column":62}},"3":{"start":{"line":41,"column":8},"end":{"line":41,"column":47}},"4":{"start":{"line":48,"column":8},"end":{"line":48,"column":60}},"5":{"start":{"line":50,"column":8},"end":{"line":50,"column":43}},"6":{"start":{"line":57,"column":8},"end":{"line":57,"column":61}},"7":{"start":{"line":58,"column":8},"end":{"line":58,"column":45}},"8":{"start":{"line":66,"column":8},"end":{"line":66,"column":53}},"9":{"start":{"line":67,"column":8},"end":{"line":67,"column":71}},"10":{"start":{"line":70,"column":8},"end":{"line":70,"column":67}},"11":{"start":{"line":71,"column":8},"end":{"line":71,"column":42}},"12":{"start":{"line":73,"column":8},"end":{"line":73,"column":39}},"13":{"start":{"line":80,"column":8},"end":{"line":80,"column":47}},"14":{"start":{"line":81,"column":8},"end":{"line":81,"column":41}},"15":{"start":{"line":84,"column":8},"end":{"line":84,"column":68}},"16":{"start":{"line":85,"column":8},"end":{"line":85,"column":42}},"17":{"start":{"line":87,"column":8},"end":{"line":87,"column":40}},"18":{"start":{"line":94,"column":8},"end":{"line":94,"column":36}},"19":{"start":{"line":101,"column":8},"end":{"line":101,"column":36}}},"branchMap":{"1":{"line":26,"type":"if","locations":[{"start":{"line":26,"column":8},"end":{"line":26,"column":8}},{"start":{"line":26,"column":8},"end":{"line":26,"column":8}}]},"2":{"line":38,"type":"if","locations":[{"start":{"line":38,"column":61},"end":{"line":38,"column":61}},{"start":{"line":38,"column":61},"end":{"line":38,"column":61}}]},"3":{"line":39,"type":"if","locations":[{"start":{"line":39,"column":8},"end":{"line":39,"column":8}},{"start":{"line":39,"column":8},"end":{"line":39,"column":8}}]},"4":{"line":47,"type":"if","locations":[{"start":{"line":47,"column":57},"end":{"line":47,"column":57}},{"start":{"line":47,"column":57},"end":{"line":47,"column":57}}]},"5":{"line":48,"type":"if","locations":[{"start":{"line":48,"column":8},"end":{"line":48,"column":8}},{"start":{"line":48,"column":8},"end":{"line":48,"column":8}}]},"6":{"line":56,"type":"if","locations":[{"start":{"line":56,"column":40},"end":{"line":56,"column":40}},{"start":{"line":56,"column":40},"end":{"line":56,"column":40}}]},"7":{"line":56,"type":"if","locations":[{"start":{"line":56,"column":57},"end":{"line":56,"column":57}},{"start":{"line":56,"column":57},"end":{"line":56,"column":57}}]},"8":{"line":57,"type":"if","locations":[{"start":{"line":57,"column":8},"end":{"line":57,"column":8}},{"start":{"line":57,"column":8},"end":{"line":57,"column":8}}]},"9":{"line":65,"type":"if","locations":[{"start":{"line":65,"column":47},"end":{"line":65,"column":47}},{"start":{"line":65,"column":47},"end":{"line":65,"column":47}}]},"10":{"line":65,"type":"if","locations":[{"start":{"line":65,"column":57},"end":{"line":65,"column":57}},{"start":{"line":65,"column":57},"end":{"line":65,"column":57}}]},"11":{"line":66,"type":"if","locations":[{"start":{"line":66,"column":8},"end":{"line":66,"column":8}},{"start":{"line":66,"column":8},"end":{"line":66,"column":8}}]},"12":{"line":67,"type":"if","locations":[{"start":{"line":67,"column":8},"end":{"line":67,"column":8}},{"start":{"line":67,"column":8},"end":{"line":67,"column":8}}]},"13":{"line":71,"type":"if","locations":[{"start":{"line":71,"column":8},"end":{"line":71,"column":8}},{"start":{"line":71,"column":8},"end":{"line":71,"column":8}}]},"14":{"line":79,"type":"if","locations":[{"start":{"line":79,"column":36},"end":{"line":79,"column":36}},{"start":{"line":79,"column":36},"end":{"line":79,"column":36}}]},"15":{"line":79,"type":"if","locations":[{"start":{"line":79,"column":46},"end":{"line":79,"column":46}},{"start":{"line":79,"column":46},"end":{"line":79,"column":46}}]},"16":{"line":81,"type":"if","locations":[{"start":{"line":81,"column":8},"end":{"line":81,"column":8}},{"start":{"line":81,"column":8},"end":{"line":81,"column":8}}]},"17":{"line":85,"type":"if","locations":[{"start":{"line":85,"column":8},"end":{"line":85,"column":8}},{"start":{"line":85,"column":8},"end":{"line":85,"column":8}}]},"18":{"line":108,"type":"if","locations":[{"start":{"line":108,"column":8},"end":{"line":108,"column":8}},{"start":{"line":108,"column":8},"end":{"line":108,"column":8}}]}}},"contracts/mocks/MockV3Aggregator.sol":{"l":{"13":0,"14":0,"28":0,"32":0},"path":"/home/ubuntu/projects/GhostWriter/contracts/mocks/MockV3Aggregator.sol","s":{"1":0},"b":{},"f":{"1":0,"2":0,"3":0},"fnMap":{"1":{"name":"constructor","line":12,"loc":{"start":{"line":12,"column":4},"end":{"line":15,"column":4}}},"2":{"name":"latestRoundData","line":17,"loc":{"start":{"line":17,"column":4},"end":{"line":29,"column":4}}},"3":{"name":"updateAnswer","line":31,"loc":{"start":{"line":31,"column":4},"end":{"line":33,"column":4}}}},"statementMap":{"1":{"start":{"line":28,"column":8},"end":{"line":28,"column":49}}},"branchMap":{}},"contracts/PriceOracle.sol":{"l":{"35":0,"36":0,"43":0,"50":0,"51":0,"54":0,"58":0,"59":0,"62":0,"64":0,"73":0,"74":0,"80":0,"83":0,"85":0,"92":0,"93":0,"94":0,"101":0,"102":0,"103":0,"110":0,"111":0,"112":0,"113":0,"120":0,"121":0,"122":0},"path":"/home/ubuntu/projects/GhostWriter/contracts/PriceOracle.sol","s":{"1":0,"2":0,"3":0,"4":0,"5":0,"6":0,"7":0,"8":0,"9":0,"10":0,"11":0,"12":0,"13":0,"14":0,"15":0,"16":0,"17":0,"18":0,"19":0,"20":0,"21":0,"22":0,"23":0},"b":{"1":[0,0],"2":[0,0],"3":[0,0],"4":[0,0],"5":[0,0],"6":[0,0],"7":[0,0],"8":[0,0],"9":[0,0],"10":[0,0],"11":[0,0],"12":[0,0],"13":[0,0],"14":[0,0],"15":[0,0],"16":[0,0]},"f":{"1":0,"2":0,"3":0,"4":0,"5":0,"6":0,"7":0},"fnMap":{"1":{"name":"constructor","line":34,"loc":{"start":{"line":34,"column":4},"end":{"line":37,"column":4}}},"2":{"name":"getLatestPrice","line":42,"loc":{"start":{"line":42,"column":4},"end":{"line":66,"column":4}}},"3":{"name":"usdToEth","line":72,"loc":{"start":{"line":72,"column":4},"end":{"line":86,"column":4}}},"4":{"name":"updatePriceFeed","line":91,"loc":{"start":{"line":91,"column":4},"end":{"line":95,"column":4}}},"5":{"name":"updateFallbackPrice","line":100,"loc":{"start":{"line":100,"column":4},"end":{"line":104,"column":4}}},"6":{"name":"updatePriceValidityDuration","line":109,"loc":{"start":{"line":109,"column":4},"end":{"line":114,"column":4}}},"7":{"name":"updateMaxPriceDeviation","line":119,"loc":{"start":{"line":119,"column":4},"end":{"line":123,"column":4}}}},"statementMap":{"1":{"start":{"line":35,"column":8},"end":{"line":35,"column":62}},"2":{"start":{"line":43,"column":8},"end":{"line":43,"column":1406}},"3":{"start":{"line":50,"column":12},"end":{"line":50,"column":46}},"4":{"start":{"line":51,"column":12},"end":{"line":51,"column":86}},"5":{"start":{"line":54,"column":12},"end":{"line":54,"column":1859}},"6":{"start":{"line":58,"column":12},"end":{"line":58,"column":2008}},"7":{"start":{"line":59,"column":16},"end":{"line":59,"column":36}},"8":{"start":{"line":62,"column":12},"end":{"line":62,"column":24}},"9":{"start":{"line":64,"column":12},"end":{"line":64,"column":32}},"10":{"start":{"line":73,"column":8},"end":{"line":73,"column":42}},"11":{"start":{"line":74,"column":8},"end":{"line":74,"column":49}},"12":{"start":{"line":80,"column":8},"end":{"line":80,"column":73}},"13":{"start":{"line":83,"column":8},"end":{"line":83,"column":46}},"14":{"start":{"line":85,"column":8},"end":{"line":85,"column":24}},"15":{"start":{"line":92,"column":8},"end":{"line":92,"column":62}},"16":{"start":{"line":94,"column":8},"end":{"line":94,"column":41}},"17":{"start":{"line":101,"column":8},"end":{"line":101,"column":43}},"18":{"start":{"line":103,"column":8},"end":{"line":103,"column":41}},"19":{"start":{"line":110,"column":8},"end":{"line":110,"column":49}},"20":{"start":{"line":111,"column":8},"end":{"line":111,"column":57}},"21":{"start":{"line":113,"column":8},"end":{"line":113,"column":52}},"22":{"start":{"line":120,"column":8},"end":{"line":120,"column":71}},"23":{"start":{"line":122,"column":8},"end":{"line":122,"column":49}}},"branchMap":{"1":{"line":35,"type":"if","locations":[{"start":{"line":35,"column":8},"end":{"line":35,"column":8}},{"start":{"line":35,"column":8},"end":{"line":35,"column":8}}]},"2":{"line":50,"type":"if","locations":[{"start":{"line":50,"column":12},"end":{"line":50,"column":12}},{"start":{"line":50,"column":12},"end":{"line":50,"column":12}}]},"3":{"line":51,"type":"if","locations":[{"start":{"line":51,"column":12},"end":{"line":51,"column":12}},{"start":{"line":51,"column":12},"end":{"line":51,"column":12}}]},"4":{"line":55,"type":"if","locations":[{"start":{"line":55,"column":18},"end":{"line":55,"column":64}},{"start":{"line":56,"column":18},"end":{"line":56,"column":64}}]},"5":{"line":58,"type":"if","locations":[{"start":{"line":58,"column":12},"end":{"line":58,"column":12}},{"start":{"line":58,"column":12},"end":{"line":58,"column":12}}]},"6":{"line":74,"type":"if","locations":[{"start":{"line":74,"column":8},"end":{"line":74,"column":8}},{"start":{"line":74,"column":8},"end":{"line":74,"column":8}}]},"7":{"line":83,"type":"if","locations":[{"start":{"line":83,"column":8},"end":{"line":83,"column":8}},{"start":{"line":83,"column":8},"end":{"line":83,"column":8}}]},"8":{"line":91,"type":"if","locations":[{"start":{"line":91,"column":58},"end":{"line":91,"column":58}},{"start":{"line":91,"column":58},"end":{"line":91,"column":58}}]},"9":{"line":92,"type":"if","locations":[{"start":{"line":92,"column":8},"end":{"line":92,"column":8}},{"start":{"line":92,"column":8},"end":{"line":92,"column":8}}]},"10":{"line":100,"type":"if","locations":[{"start":{"line":100,"column":57},"end":{"line":100,"column":57}},{"start":{"line":100,"column":57},"end":{"line":100,"column":57}}]},"11":{"line":101,"type":"if","locations":[{"start":{"line":101,"column":8},"end":{"line":101,"column":8}},{"start":{"line":101,"column":8},"end":{"line":101,"column":8}}]},"12":{"line":109,"type":"if","locations":[{"start":{"line":109,"column":69},"end":{"line":109,"column":69}},{"start":{"line":109,"column":69},"end":{"line":109,"column":69}}]},"13":{"line":110,"type":"if","locations":[{"start":{"line":110,"column":8},"end":{"line":110,"column":8}},{"start":{"line":110,"column":8},"end":{"line":110,"column":8}}]},"14":{"line":111,"type":"if","locations":[{"start":{"line":111,"column":8},"end":{"line":111,"column":8}},{"start":{"line":111,"column":8},"end":{"line":111,"column":8}}]},"15":{"line":119,"type":"if","locations":[{"start":{"line":119,"column":66},"end":{"line":119,"column":66}},{"start":{"line":119,"column":66},"end":{"line":119,"column":66}}]},"16":{"line":120,"type":"if","locations":[{"start":{"line":120,"column":8},"end":{"line":120,"column":8}},{"start":{"line":120,"column":8},"end":{"line":120,"column":8}}]}}},"contracts/StoryManager.sol":{"l":{"223":0,"224":0,"225":0,"226":0,"227":0,"228":0,"229":0,"236":0,"237":0,"238":0,"245":0,"246":0,"247":0,"254":0,"261":0,"268":0,"269":0,"270":0,"271":0,"272":0,"273":0,"277":0,"281":0,"282":0,"302":0,"303":0,"304":0,"306":0,"320":0,"321":0,"323":0,"325":0,"339":0,"340":0,"341":0,"352":0,"354":0,"355":0,"357":0,"358":0,"360":0,"361":0,"363":0,"364":0,"366":0,"369":0,"371":0,"372":0,"373":0,"375":0,"377":0,"381":0,"382":0,"386":0,"387":0,"388":0,"389":0,"393":0,"409":0,"410":0,"421":0,"422":0,"423":0,"424":0,"427":0,"428":0,"431":0,"432":0,"441":0,"444":0,"445":0,"446":0,"449":0,"450":0,"465":0,"482":0,"494":0,"501":0,"502":0,"503":0,"504":0,"507":0,"519":0,"520":0,"521":0,"523":0,"524":0,"525":0,"527":0,"528":0,"529":0,"530":0,"533":0,"536":0,"547":0,"548":0,"549":0,"550":0,"551":0,"554":0,"557":0,"558":0,"559":0,"560":0,"563":0,"564":0,"565":0,"569":0,"572":0,"573":0,"582":0,"583":0,"592":0,"593":0,"598":0,"606":0,"609":0,"612":0,"613":0,"614":0,"617":0,"619":0,"620":0,"626":0,"627":0,"636":0,"637":0,"638":0,"639":0,"642":0,"643":0,"647":0,"656":0,"658":0,"670":0,"671":0,"672":0,"673":0,"674":0,"676":0,"677":0,"679":0,"683":0,"684":0,"688":0,"689":0,"691":0,"695":0,"710":0,"711":0,"712":0,"715":0,"718":0,"725":0,"726":0,"734":0,"737":0,"741":0,"742":0,"743":0,"744":0,"748":0,"752":0,"753":0,"755":0,"756":0,"757":0,"758":0,"759":0,"764":0,"765":0,"778":0,"779":0,"786":0,"787":0,"795":0,"796":0,"797":0,"799":0,"800":0,"802":0,"811":0,"812":0,"822":0,"823":0,"832":0,"839":0,"848":0,"855":0,"865":0,"866":0,"868":0,"869":0,"870":0,"873":0,"874":0,"878":0,"879":0,"880":0,"887":0,"896":0,"900":0,"901":0,"904":0,"913":0,"920":0,"930":0,"931":0,"932":0,"933":0,"944":0,"945":0,"946":0,"955":0,"956":0,"958":0,"960":0,"961":0,"963":0,"972":0,"973":0,"976":0,"977":0,"979":0},"path":"/home/ubuntu/projects/GhostWriter/contracts/StoryManager.sol","s":{"1":0,"2":0,"3":0,"4":0,"5":0,"6":0,"7":0,"8":0,"9":0,"10":0,"11":0,"12":0,"13":0,"14":0,"15":0,"16":0,"17":0,"18":0,"19":0,"20":0,"21":0,"22":0,"23":0,"24":0,"25":0,"26":0,"27":0,"28":0,"29":0,"30":0,"31":0,"32":0,"33":0,"34":0,"35":0,"36":0,"37":0,"38":0,"39":0,"40":0,"41":0,"42":0,"43":0,"44":0,"45":0,"46":0,"47":0,"48":0,"49":0,"50":0,"51":0,"52":0,"53":0,"54":0,"55":0,"56":0,"57":0,"58":0,"59":0,"60":0,"61":0,"62":0,"63":0,"64":0,"65":0,"66":0,"67":0,"68":0,"69":0,"70":0,"71":0,"72":0,"73":0,"74":0,"75":0,"76":0,"77":0,"78":0,"79":0,"80":0,"81":0,"82":0,"83":0,"84":0,"85":0,"86":0,"87":0,"88":0,"89":0,"90":0,"91":0,"92":0,"93":0,"94":0,"95":0,"96":0,"97":0,"98":0,"99":0,"100":0,"101":0,"102":0,"103":0,"104":0,"105":0,"106":0,"107":0,"108":0,"109":0,"110":0,"111":0,"112":0,"113":0,"114":0,"115":0,"116":0,"117":0,"118":0,"119":0,"120":0,"121":0,"122":0,"123":0,"124":0,"125":0,"126":0,"127":0,"128":0,"129":0,"130":0,"131":0,"132":0,"133":0,"134":0,"135":0,"136":0,"137":0,"138":0,"139":0,"140":0,"141":0,"142":0,"143":0,"144":0,"145":0,"146":0,"147":0,"148":0,"149":0,"150":0,"151":0,"152":0,"153":0,"154":0,"155":0,"156":0,"157":0,"158":0,"159":0,"160":0,"161":0,"162":0,"163":0,"164":0,"165":0,"166":0,"167":0,"168":0,"169":0,"170":0,"171":0,"172":0,"173":0,"174":0,"175":0,"176":0,"177":0,"178":0,"179":0,"180":0},"b":{"1":[0,0],"2":[0,0],"3":[0,0],"4":[0,0],"5":[0,0],"6":[0,0],"7":[0,0],"8":[0,0],"9":[0,0],"10":[0,0],"11":[0,0],"12":[0,0],"13":[0,0],"14":[0,0],"15":[0,0],"16":[0,0],"17":[0,0],"18":[0,0],"19":[0,0],"20":[0,0],"21":[0,0],"22":[0,0],"23":[0,0],"24":[0,0],"25":[0,0],"26":[0,0],"27":[0,0],"28":[0,0],"29":[0,0],"30":[0,0],"31":[0,0],"32":[0,0],"33":[0,0],"34":[0,0],"35":[0,0],"36":[0,0],"37":[0,0],"38":[0,0],"39":[0,0],"40":[0,0],"41":[0,0],"42":[0,0],"43":[0,0],"44":[0,0],"45":[0,0],"46":[0,0],"47":[0,0],"48":[0,0],"49":[0,0],"50":[0,0],"51":[0,0],"52":[0,0],"53":[0,0],"54":[0,0],"55":[0,0],"56":[0,0],"57":[0,0],"58":[0,0],"59":[0,0],"60":[0,0],"61":[0,0],"62":[0,0],"63":[0,0],"64":[0,0],"65":[0,0],"66":[0,0],"67":[0,0],"68":[0,0],"69":[0,0],"70":[0,0],"71":[0,0],"72":[0,0],"73":[0,0],"74":[0,0],"75":[0,0],"76":[0,0],"77":[0,0],"78":[0,0],"79":[0,0],"80":[0,0],"81":[0,0],"82":[0,0],"83":[0,0],"84":[0,0],"85":[0,0],"86":[0,0],"87":[0,0],"88":[0,0],"89":[0,0],"90":[0,0],"91":[0,0],"92":[0,0],"93":[0,0],"94":[0,0],"95":[0,0],"96":[0,0],"97":[0,0],"98":[0,0],"99":[0,0],"100":[0,0],"101":[0,0],"102":[0,0]},"f":{"1":0,"2":0,"3":0,"4":0,"5":0,"6":0,"7":0,"8":0,"9":0,"10":0,"11":0,"12":0,"13":0,"14":0,"15":0,"16":0,"17":0,"18":0,"19":0,"20":0,"21":0,"22":0,"23":0,"24":0,"25":0,"26":0,"27":0,"28":0,"29":0,"30":0,"31":0,"32":0,"33":0,"34":0,"35":0},"fnMap":{"1":{"name":"constructor","line":222,"loc":{"start":{"line":218,"column":4},"end":{"line":230,"column":4}}},"2":{"name":"setStoryTemplateSigner","line":235,"loc":{"start":{"line":235,"column":4},"end":{"line":239,"column":4}}},"3":{"name":"setGhostToken","line":244,"loc":{"start":{"line":244,"column":4},"end":{"line":248,"column":4}}},"4":{"name":"getContributionFee","line":253,"loc":{"start":{"line":253,"column":4},"end":{"line":255,"column":4}}},"5":{"name":"getCreationFee","line":260,"loc":{"start":{"line":260,"column":4},"end":{"line":262,"column":4}}},"6":{"name":"_initializeAchievements","line":267,"loc":{"start":{"line":267,"column":4},"end":{"line":274,"column":4}}},"7":{"name":"_requireLiquidityPoolInitialized","line":276,"loc":{"start":{"line":276,"column":4},"end":{"line":278,"column":4}}},"8":{"name":"_isValidWordType","line":280,"loc":{"start":{"line":280,"column":4},"end":{"line":299,"column":4}}},"9":{"name":"_hashWordTypes","line":301,"loc":{"start":{"line":301,"column":4},"end":{"line":307,"column":4}}},"10":{"name":"_verifyCreateStorySignature","line":309,"loc":{"start":{"line":309,"column":4},"end":{"line":342,"column":4}}},"11":{"name":"_createStoryInternal","line":344,"loc":{"start":{"line":344,"column":4},"end":{"line":451,"column":4}}},"12":{"name":"createStory","line":464,"loc":{"start":{"line":457,"column":4},"end":{"line":466,"column":4}}},"13":{"name":"createStoryApproved","line":481,"loc":{"start":{"line":472,"column":4},"end":{"line":495,"column":4}}},"14":{"name":"getActiveStoriesCount","line":500,"loc":{"start":{"line":500,"column":4},"end":{"line":508,"column":4}}},"15":{"name":"contributeWord","line":518,"loc":{"start":{"line":514,"column":4},"end":{"line":629,"column":4}}},"16":{"name":"_completeStory","line":635,"loc":{"start":{"line":635,"column":4},"end":{"line":659,"column":4}}},"17":{"name":"processCompletionBatch","line":669,"loc":{"start":{"line":665,"column":4},"end":{"line":704,"column":4}}},"18":{"name":"finalizeStory","line":709,"loc":{"start":{"line":709,"column":4},"end":{"line":727,"column":4}}},"19":{"name":"_updateLeaderboard","line":733,"loc":{"start":{"line":733,"column":4},"end":{"line":767,"column":4}}},"20":{"name":"_unlockAchievement","line":772,"loc":{"start":{"line":772,"column":4},"end":{"line":789,"column":4}}},"21":{"name":"shareStory","line":794,"loc":{"start":{"line":794,"column":4},"end":{"line":803,"column":4}}},"22":{"name":"getStory","line":808,"loc":{"start":{"line":808,"column":4},"end":{"line":813,"column":4}}},"23":{"name":"getSlot","line":818,"loc":{"start":{"line":818,"column":4},"end":{"line":824,"column":4}}},"24":{"name":"getUserStats","line":829,"loc":{"start":{"line":829,"column":4},"end":{"line":833,"column":4}}},"25":{"name":"getAllStoryIds","line":838,"loc":{"start":{"line":838,"column":4},"end":{"line":840,"column":4}}},"26":{"name":"getUserCreatedStories","line":845,"loc":{"start":{"line":845,"column":4},"end":{"line":849,"column":4}}},"27":{"name":"getTotalStories","line":854,"loc":{"start":{"line":854,"column":4},"end":{"line":856,"column":4}}},"28":{"name":"getLeaderboard","line":861,"loc":{"start":{"line":861,"column":4},"end":{"line":888,"column":4}}},"29":{"name":"getUserAchievements","line":893,"loc":{"start":{"line":893,"column":4},"end":{"line":905,"column":4}}},"30":{"name":"getStoriesByCategory","line":910,"loc":{"start":{"line":910,"column":4},"end":{"line":914,"column":4}}},"31":{"name":"getUserRank","line":919,"loc":{"start":{"line":919,"column":4},"end":{"line":921,"column":4}}},"32":{"name":"airdropCredits","line":929,"loc":{"start":{"line":926,"column":4},"end":{"line":938,"column":4}}},"33":{"name":"updatePriceOracle","line":943,"loc":{"start":{"line":943,"column":4},"end":{"line":947,"column":4}}},"34":{"name":"withdrawRefund","line":954,"loc":{"start":{"line":954,"column":4},"end":{"line":964,"column":4}}},"35":{"name":"emergencyWithdraw","line":971,"loc":{"start":{"line":971,"column":4},"end":{"line":980,"column":4}}}},"statementMap":{"1":{"start":{"line":223,"column":8},"end":{"line":223,"column":42}},"2":{"start":{"line":224,"column":8},"end":{"line":224,"column":44}},"3":{"start":{"line":225,"column":8},"end":{"line":225,"column":42}},"4":{"start":{"line":229,"column":8},"end":{"line":229,"column":32}},"5":{"start":{"line":236,"column":8},"end":{"line":236,"column":36}},"6":{"start":{"line":238,"column":8},"end":{"line":238,"column":47}},"7":{"start":{"line":245,"column":8},"end":{"line":245,"column":41}},"8":{"start":{"line":247,"column":8},"end":{"line":247,"column":43}},"9":{"start":{"line":254,"column":8},"end":{"line":254,"column":63}},"10":{"start":{"line":261,"column":8},"end":{"line":261,"column":59}},"11":{"start":{"line":268,"column":8},"end":{"line":268,"column":40}},"12":{"start":{"line":269,"column":8},"end":{"line":269,"column":43}},"13":{"start":{"line":270,"column":8},"end":{"line":270,"column":45}},"14":{"start":{"line":271,"column":8},"end":{"line":271,"column":45}},"15":{"start":{"line":272,"column":8},"end":{"line":272,"column":41}},"16":{"start":{"line":273,"column":8},"end":{"line":273,"column":39}},"17":{"start":{"line":277,"column":8},"end":{"line":277,"column":61}},"18":{"start":{"line":281,"column":8},"end":{"line":281,"column":46}},"19":{"start":{"line":282,"column":8},"end":{"line":282,"column":9185}},"20":{"start":{"line":302,"column":8},"end":{"line":302,"column":32}},"21":{"start":{"line":303,"column":8},"end":{"line":303,"column":9815}},"22":{"start":{"line":306,"column":8},"end":{"line":306,"column":18}},"23":{"start":{"line":320,"column":8},"end":{"line":320,"column":49}},"24":{"start":{"line":321,"column":8},"end":{"line":321,"column":44}},"25":{"start":{"line":323,"column":8},"end":{"line":323,"column":57}},"26":{"start":{"line":325,"column":8},"end":{"line":325,"column":10491}},"27":{"start":{"line":339,"column":8},"end":{"line":339,"column":53}},"28":{"start":{"line":340,"column":8},"end":{"line":340,"column":53}},"29":{"start":{"line":341,"column":8},"end":{"line":341,"column":48}},"30":{"start":{"line":352,"column":8},"end":{"line":352,"column":41}},"31":{"start":{"line":354,"column":8},"end":{"line":354,"column":46}},"32":{"start":{"line":355,"column":8},"end":{"line":355,"column":40}},"33":{"start":{"line":357,"column":8},"end":{"line":357,"column":41}},"34":{"start":{"line":358,"column":8},"end":{"line":358,"column":37}},"35":{"start":{"line":360,"column":8},"end":{"line":360,"column":39}},"36":{"start":{"line":361,"column":8},"end":{"line":361,"column":42}},"37":{"start":{"line":363,"column":8},"end":{"line":363,"column":42}},"38":{"start":{"line":364,"column":8},"end":{"line":364,"column":46}},"39":{"start":{"line":366,"column":8},"end":{"line":366,"column":57}},"40":{"start":{"line":369,"column":8},"end":{"line":369,"column":44}},"41":{"start":{"line":371,"column":8},"end":{"line":371,"column":45}},"42":{"start":{"line":372,"column":8},"end":{"line":372,"column":11914}},"43":{"start":{"line":373,"column":12},"end":{"line":373,"column":80}},"44":{"start":{"line":374,"column":15},"end":{"line":374,"column":12047}},"45":{"start":{"line":375,"column":12},"end":{"line":375,"column":84}},"46":{"start":{"line":377,"column":12},"end":{"line":377,"column":80}},"47":{"start":{"line":381,"column":8},"end":{"line":381,"column":12321}},"48":{"start":{"line":382,"column":12},"end":{"line":382,"column":41}},"49":{"start":{"line":386,"column":8},"end":{"line":386,"column":12450}},"50":{"start":{"line":387,"column":12},"end":{"line":387,"column":50}},"51":{"start":{"line":388,"column":12},"end":{"line":388,"column":52}},"52":{"start":{"line":389,"column":12},"end":{"line":389,"column":50}},"53":{"start":{"line":409,"column":8},"end":{"line":409,"column":13158}},"54":{"start":{"line":422,"column":8},"end":{"line":422,"column":32}},"55":{"start":{"line":423,"column":8},"end":{"line":423,"column":51}},"56":{"start":{"line":424,"column":8},"end":{"line":424,"column":48}},"57":{"start":{"line":431,"column":8},"end":{"line":431,"column":13874}},"58":{"start":{"line":432,"column":12},"end":{"line":432,"column":13939}},"59":{"start":{"line":441,"column":8},"end":{"line":441,"column":50}},"60":{"start":{"line":444,"column":8},"end":{"line":444,"column":54}},"61":{"start":{"line":445,"column":8},"end":{"line":445,"column":14321}},"62":{"start":{"line":449,"column":8},"end":{"line":449,"column":63}},"63":{"start":{"line":450,"column":8},"end":{"line":450,"column":69}},"64":{"start":{"line":465,"column":8},"end":{"line":465,"column":85}},"65":{"start":{"line":482,"column":8},"end":{"line":482,"column":15558}},"66":{"start":{"line":494,"column":8},"end":{"line":494,"column":85}},"67":{"start":{"line":501,"column":8},"end":{"line":501,"column":25}},"68":{"start":{"line":502,"column":8},"end":{"line":502,"column":16062}},"69":{"start":{"line":503,"column":12},"end":{"line":503,"column":16129}},"70":{"start":{"line":507,"column":8},"end":{"line":507,"column":20}},"71":{"start":{"line":519,"column":8},"end":{"line":519,"column":50}},"72":{"start":{"line":520,"column":8},"end":{"line":520,"column":40}},"73":{"start":{"line":521,"column":8},"end":{"line":521,"column":36}},"74":{"start":{"line":523,"column":8},"end":{"line":523,"column":46}},"75":{"start":{"line":524,"column":8},"end":{"line":524,"column":50}},"76":{"start":{"line":525,"column":8},"end":{"line":525,"column":60}},"77":{"start":{"line":527,"column":8},"end":{"line":527,"column":63}},"78":{"start":{"line":528,"column":8},"end":{"line":528,"column":28}},"79":{"start":{"line":529,"column":8},"end":{"line":529,"column":39}},"80":{"start":{"line":530,"column":8},"end":{"line":530,"column":40}},"81":{"start":{"line":533,"column":8},"end":{"line":533,"column":77}},"82":{"start":{"line":536,"column":8},"end":{"line":536,"column":17179}},"83":{"start":{"line":563,"column":8},"end":{"line":563,"column":17992}},"84":{"start":{"line":564,"column":12},"end":{"line":564,"column":66}},"85":{"start":{"line":569,"column":8},"end":{"line":569,"column":37}},"86":{"start":{"line":572,"column":8},"end":{"line":572,"column":18309}},"87":{"start":{"line":573,"column":12},"end":{"line":573,"column":18378}},"88":{"start":{"line":582,"column":8},"end":{"line":582,"column":18631}},"89":{"start":{"line":583,"column":12},"end":{"line":583,"column":18701}},"90":{"start":{"line":592,"column":8},"end":{"line":592,"column":52}},"91":{"start":{"line":593,"column":8},"end":{"line":593,"column":19022}},"92":{"start":{"line":598,"column":12},"end":{"line":598,"column":19168}},"93":{"start":{"line":606,"column":8},"end":{"line":606,"column":41}},"94":{"start":{"line":609,"column":8},"end":{"line":609,"column":50}},"95":{"start":{"line":612,"column":8},"end":{"line":612,"column":54}},"96":{"start":{"line":613,"column":8},"end":{"line":613,"column":19591}},"97":{"start":{"line":617,"column":8},"end":{"line":617,"column":63}},"98":{"start":{"line":619,"column":8},"end":{"line":619,"column":66}},"99":{"start":{"line":620,"column":8},"end":{"line":620,"column":19825}},"100":{"start":{"line":626,"column":8},"end":{"line":626,"column":19983}},"101":{"start":{"line":627,"column":12},"end":{"line":627,"column":34}},"102":{"start":{"line":636,"column":8},"end":{"line":636,"column":46}},"103":{"start":{"line":637,"column":8},"end":{"line":637,"column":50}},"104":{"start":{"line":642,"column":8},"end":{"line":642,"column":61}},"105":{"start":{"line":643,"column":8},"end":{"line":643,"column":20616}},"106":{"start":{"line":647,"column":12},"end":{"line":647,"column":20754}},"107":{"start":{"line":656,"column":8},"end":{"line":656,"column":43}},"108":{"start":{"line":658,"column":8},"end":{"line":658,"column":53}},"109":{"start":{"line":670,"column":8},"end":{"line":670,"column":46}},"110":{"start":{"line":671,"column":8},"end":{"line":671,"column":52}},"111":{"start":{"line":672,"column":8},"end":{"line":672,"column":70}},"112":{"start":{"line":673,"column":8},"end":{"line":673,"column":79}},"113":{"start":{"line":674,"column":8},"end":{"line":674,"column":48}},"114":{"start":{"line":676,"column":8},"end":{"line":676,"column":21756}},"115":{"start":{"line":677,"column":12},"end":{"line":677,"column":68}},"116":{"start":{"line":679,"column":12},"end":{"line":679,"column":21900}},"117":{"start":{"line":688,"column":12},"end":{"line":688,"column":22245}},"118":{"start":{"line":691,"column":16},"end":{"line":691,"column":22371}},"119":{"start":{"line":695,"column":20},"end":{"line":695,"column":22555}},"120":{"start":{"line":710,"column":8},"end":{"line":710,"column":46}},"121":{"start":{"line":711,"column":8},"end":{"line":711,"column":52}},"122":{"start":{"line":712,"column":8},"end":{"line":712,"column":42}},"123":{"start":{"line":715,"column":8},"end":{"line":715,"column":43}},"124":{"start":{"line":718,"column":8},"end":{"line":718,"column":23302}},"125":{"start":{"line":726,"column":8},"end":{"line":726,"column":52}},"126":{"start":{"line":734,"column":8},"end":{"line":734,"column":70}},"127":{"start":{"line":737,"column":8},"end":{"line":737,"column":23898}},"128":{"start":{"line":741,"column":12},"end":{"line":741,"column":33}},"129":{"start":{"line":743,"column":12},"end":{"line":743,"column":61}},"130":{"start":{"line":744,"column":12},"end":{"line":744,"column":18}},"131":{"start":{"line":748,"column":8},"end":{"line":748,"column":24278}},"132":{"start":{"line":752,"column":12},"end":{"line":752,"column":68}},"133":{"start":{"line":753,"column":12},"end":{"line":753,"column":82}},"134":{"start":{"line":755,"column":12},"end":{"line":755,"column":24564}},"135":{"start":{"line":759,"column":16},"end":{"line":759,"column":65}},"136":{"start":{"line":764,"column":8},"end":{"line":764,"column":24925}},"137":{"start":{"line":765,"column":12},"end":{"line":765,"column":65}},"138":{"start":{"line":778,"column":8},"end":{"line":778,"column":25283}},"139":{"start":{"line":787,"column":12},"end":{"line":787,"column":63}},"140":{"start":{"line":795,"column":8},"end":{"line":795,"column":36}},"141":{"start":{"line":796,"column":8},"end":{"line":796,"column":46}},"142":{"start":{"line":797,"column":8},"end":{"line":797,"column":52}},"143":{"start":{"line":802,"column":8},"end":{"line":802,"column":45}},"144":{"start":{"line":811,"column":8},"end":{"line":811,"column":36}},"145":{"start":{"line":812,"column":8},"end":{"line":812,"column":31}},"146":{"start":{"line":822,"column":8},"end":{"line":822,"column":36}},"147":{"start":{"line":823,"column":8},"end":{"line":823,"column":44}},"148":{"start":{"line":832,"column":8},"end":{"line":832,"column":30}},"149":{"start":{"line":839,"column":8},"end":{"line":839,"column":26}},"150":{"start":{"line":848,"column":8},"end":{"line":848,"column":39}},"151":{"start":{"line":855,"column":8},"end":{"line":855,"column":33}},"152":{"start":{"line":865,"column":8},"end":{"line":865,"column":28}},"153":{"start":{"line":866,"column":8},"end":{"line":866,"column":43}},"154":{"start":{"line":868,"column":8},"end":{"line":868,"column":36}},"155":{"start":{"line":869,"column":8},"end":{"line":869,"column":27636}},"156":{"start":{"line":873,"column":8},"end":{"line":873,"column":62}},"157":{"start":{"line":874,"column":8},"end":{"line":874,"column":27790}},"158":{"start":{"line":878,"column":8},"end":{"line":878,"column":27894}},"159":{"start":{"line":879,"column":12},"end":{"line":879,"column":50}},"160":{"start":{"line":887,"column":8},"end":{"line":887,"column":22}},"161":{"start":{"line":896,"column":8},"end":{"line":896,"column":28392}},"162":{"start":{"line":900,"column":8},"end":{"line":900,"column":28500}},"163":{"start":{"line":904,"column":8},"end":{"line":904,"column":27}},"164":{"start":{"line":913,"column":8},"end":{"line":913,"column":42}},"165":{"start":{"line":920,"column":8},"end":{"line":920,"column":37}},"166":{"start":{"line":930,"column":8},"end":{"line":930,"column":46}},"167":{"start":{"line":931,"column":8},"end":{"line":931,"column":29321}},"168":{"start":{"line":933,"column":12},"end":{"line":933,"column":29446}},"169":{"start":{"line":944,"column":8},"end":{"line":944,"column":42}},"170":{"start":{"line":946,"column":8},"end":{"line":946,"column":45}},"171":{"start":{"line":955,"column":8},"end":{"line":955,"column":51}},"172":{"start":{"line":956,"column":8},"end":{"line":956,"column":26}},"173":{"start":{"line":960,"column":8},"end":{"line":960,"column":70}},"174":{"start":{"line":961,"column":8},"end":{"line":961,"column":23}},"175":{"start":{"line":963,"column":8},"end":{"line":963,"column":48}},"176":{"start":{"line":972,"column":8},"end":{"line":972,"column":47}},"177":{"start":{"line":973,"column":8},"end":{"line":973,"column":27}},"178":{"start":{"line":976,"column":8},"end":{"line":976,"column":68}},"179":{"start":{"line":977,"column":8},"end":{"line":977,"column":23}},"180":{"start":{"line":979,"column":8},"end":{"line":979,"column":50}}},"branchMap":{"1":{"line":223,"type":"if","locations":[{"start":{"line":223,"column":8},"end":{"line":223,"column":8}},{"start":{"line":223,"column":8},"end":{"line":223,"column":8}}]},"2":{"line":224,"type":"if","locations":[{"start":{"line":224,"column":8},"end":{"line":224,"column":8}},{"start":{"line":224,"column":8},"end":{"line":224,"column":8}}]},"3":{"line":225,"type":"if","locations":[{"start":{"line":225,"column":8},"end":{"line":225,"column":8}},{"start":{"line":225,"column":8},"end":{"line":225,"column":8}}]},"4":{"line":235,"type":"if","locations":[{"start":{"line":235,"column":61},"end":{"line":235,"column":61}},{"start":{"line":235,"column":61},"end":{"line":235,"column":61}}]},"5":{"line":236,"type":"if","locations":[{"start":{"line":236,"column":8},"end":{"line":236,"column":8}},{"start":{"line":236,"column":8},"end":{"line":236,"column":8}}]},"6":{"line":244,"type":"if","locations":[{"start":{"line":244,"column":57},"end":{"line":244,"column":57}},{"start":{"line":244,"column":57},"end":{"line":244,"column":57}}]},"7":{"line":245,"type":"if","locations":[{"start":{"line":245,"column":8},"end":{"line":245,"column":8}},{"start":{"line":245,"column":8},"end":{"line":245,"column":8}}]},"8":{"line":277,"type":"if","locations":[{"start":{"line":277,"column":8},"end":{"line":277,"column":8}},{"start":{"line":277,"column":8},"end":{"line":277,"column":8}}]},"9":{"line":283,"type":"cond-expr","locations":[{"start":{"line":283,"column":12},"end":{"line":283,"column":28}},{"start":{"line":284,"column":12},"end":{"line":284,"column":23}}]},"10":{"line":283,"type":"cond-expr","locations":[{"start":{"line":283,"column":12},"end":{"line":284,"column":23}},{"start":{"line":285,"column":12},"end":{"line":285,"column":23}}]},"11":{"line":283,"type":"cond-expr","locations":[{"start":{"line":283,"column":12},"end":{"line":285,"column":23}},{"start":{"line":286,"column":12},"end":{"line":286,"column":25}}]},"12":{"line":283,"type":"cond-expr","locations":[{"start":{"line":283,"column":12},"end":{"line":286,"column":25}},{"start":{"line":287,"column":12},"end":{"line":287,"column":30}}]},"13":{"line":283,"type":"cond-expr","locations":[{"start":{"line":283,"column":12},"end":{"line":287,"column":30}},{"start":{"line":288,"column":12},"end":{"line":288,"column":34}}]},"14":{"line":283,"type":"cond-expr","locations":[{"start":{"line":283,"column":12},"end":{"line":288,"column":34}},{"start":{"line":289,"column":12},"end":{"line":289,"column":27}}]},"15":{"line":283,"type":"cond-expr","locations":[{"start":{"line":283,"column":12},"end":{"line":289,"column":27}},{"start":{"line":290,"column":12},"end":{"line":290,"column":31}}]},"16":{"line":283,"type":"cond-expr","locations":[{"start":{"line":283,"column":12},"end":{"line":290,"column":31}},{"start":{"line":291,"column":12},"end":{"line":291,"column":24}}]},"17":{"line":283,"type":"cond-expr","locations":[{"start":{"line":283,"column":12},"end":{"line":291,"column":24}},{"start":{"line":292,"column":12},"end":{"line":292,"column":25}}]},"18":{"line":283,"type":"cond-expr","locations":[{"start":{"line":283,"column":12},"end":{"line":292,"column":25}},{"start":{"line":293,"column":12},"end":{"line":293,"column":24}}]},"19":{"line":283,"type":"cond-expr","locations":[{"start":{"line":283,"column":12},"end":{"line":293,"column":24}},{"start":{"line":294,"column":12},"end":{"line":294,"column":28}}]},"20":{"line":283,"type":"cond-expr","locations":[{"start":{"line":283,"column":12},"end":{"line":294,"column":28}},{"start":{"line":295,"column":12},"end":{"line":295,"column":23}}]},"21":{"line":283,"type":"cond-expr","locations":[{"start":{"line":283,"column":12},"end":{"line":295,"column":23}},{"start":{"line":296,"column":12},"end":{"line":296,"column":25}}]},"22":{"line":283,"type":"cond-expr","locations":[{"start":{"line":283,"column":12},"end":{"line":296,"column":25}},{"start":{"line":297,"column":12},"end":{"line":297,"column":30}}]},"23":{"line":283,"type":"cond-expr","locations":[{"start":{"line":283,"column":12},"end":{"line":297,"column":30}},{"start":{"line":298,"column":12},"end":{"line":298,"column":26}}]},"24":{"line":320,"type":"if","locations":[{"start":{"line":320,"column":8},"end":{"line":320,"column":8}},{"start":{"line":320,"column":8},"end":{"line":320,"column":8}}]},"25":{"line":321,"type":"if","locations":[{"start":{"line":321,"column":8},"end":{"line":321,"column":8}},{"start":{"line":321,"column":8},"end":{"line":321,"column":8}}]},"26":{"line":341,"type":"if","locations":[{"start":{"line":341,"column":8},"end":{"line":341,"column":8}},{"start":{"line":341,"column":8},"end":{"line":341,"column":8}}]},"27":{"line":355,"type":"if","locations":[{"start":{"line":355,"column":8},"end":{"line":355,"column":8}},{"start":{"line":355,"column":8},"end":{"line":355,"column":8}}]},"28":{"line":357,"type":"if","locations":[{"start":{"line":357,"column":8},"end":{"line":357,"column":8}},{"start":{"line":357,"column":8},"end":{"line":357,"column":8}}]},"29":{"line":358,"type":"if","locations":[{"start":{"line":358,"column":8},"end":{"line":358,"column":8}},{"start":{"line":358,"column":8},"end":{"line":358,"column":8}}]},"30":{"line":360,"type":"if","locations":[{"start":{"line":360,"column":8},"end":{"line":360,"column":8}},{"start":{"line":360,"column":8},"end":{"line":360,"column":8}}]},"31":{"line":361,"type":"if","locations":[{"start":{"line":361,"column":8},"end":{"line":361,"column":8}},{"start":{"line":361,"column":8},"end":{"line":361,"column":8}}]},"32":{"line":363,"type":"if","locations":[{"start":{"line":363,"column":8},"end":{"line":363,"column":8}},{"start":{"line":363,"column":8},"end":{"line":363,"column":8}}]},"33":{"line":364,"type":"if","locations":[{"start":{"line":364,"column":8},"end":{"line":364,"column":8}},{"start":{"line":364,"column":8},"end":{"line":364,"column":8}}]},"34":{"line":366,"type":"if","locations":[{"start":{"line":366,"column":8},"end":{"line":366,"column":8}},{"start":{"line":366,"column":8},"end":{"line":366,"column":8}}]},"35":{"line":369,"type":"if","locations":[{"start":{"line":369,"column":8},"end":{"line":369,"column":8}},{"start":{"line":369,"column":8},"end":{"line":369,"column":8}}]},"36":{"line":372,"type":"if","locations":[{"start":{"line":372,"column":8},"end":{"line":372,"column":8}},{"start":{"line":372,"column":8},"end":{"line":372,"column":8}}]},"37":{"line":373,"type":"if","locations":[{"start":{"line":373,"column":12},"end":{"line":373,"column":12}},{"start":{"line":373,"column":12},"end":{"line":373,"column":12}}]},"38":{"line":374,"type":"if","locations":[{"start":{"line":374,"column":15},"end":{"line":374,"column":15}},{"start":{"line":374,"column":15},"end":{"line":374,"column":15}}]},"39":{"line":375,"type":"if","locations":[{"start":{"line":375,"column":12},"end":{"line":375,"column":12}},{"start":{"line":375,"column":12},"end":{"line":375,"column":12}}]},"40":{"line":377,"type":"if","locations":[{"start":{"line":377,"column":12},"end":{"line":377,"column":12}},{"start":{"line":377,"column":12},"end":{"line":377,"column":12}}]},"41":{"line":381,"type":"if","locations":[{"start":{"line":381,"column":8},"end":{"line":381,"column":8}},{"start":{"line":381,"column":8},"end":{"line":381,"column":8}}]},"42":{"line":382,"type":"if","locations":[{"start":{"line":382,"column":12},"end":{"line":382,"column":12}},{"start":{"line":382,"column":12},"end":{"line":382,"column":12}}]},"43":{"line":387,"type":"if","locations":[{"start":{"line":387,"column":12},"end":{"line":387,"column":12}},{"start":{"line":387,"column":12},"end":{"line":387,"column":12}}]},"44":{"line":388,"type":"if","locations":[{"start":{"line":388,"column":12},"end":{"line":388,"column":12}},{"start":{"line":388,"column":12},"end":{"line":388,"column":12}}]},"45":{"line":389,"type":"if","locations":[{"start":{"line":389,"column":12},"end":{"line":389,"column":12}},{"start":{"line":389,"column":12},"end":{"line":389,"column":12}}]},"46":{"line":431,"type":"if","locations":[{"start":{"line":431,"column":8},"end":{"line":431,"column":8}},{"start":{"line":431,"column":8},"end":{"line":431,"column":8}}]},"47":{"line":445,"type":"if","locations":[{"start":{"line":445,"column":8},"end":{"line":445,"column":8}},{"start":{"line":445,"column":8},"end":{"line":445,"column":8}}]},"48":{"line":464,"type":"if","locations":[{"start":{"line":464,"column":23},"end":{"line":464,"column":23}},{"start":{"line":464,"column":23},"end":{"line":464,"column":23}}]},"49":{"line":464,"type":"if","locations":[{"start":{"line":464,"column":36},"end":{"line":464,"column":36}},{"start":{"line":464,"column":36},"end":{"line":464,"column":36}}]},"50":{"line":481,"type":"if","locations":[{"start":{"line":481,"column":23},"end":{"line":481,"column":23}},{"start":{"line":481,"column":23},"end":{"line":481,"column":23}}]},"51":{"line":503,"type":"if","locations":[{"start":{"line":503,"column":12},"end":{"line":503,"column":12}},{"start":{"line":503,"column":12},"end":{"line":503,"column":12}}]},"52":{"line":518,"type":"if","locations":[{"start":{"line":518,"column":23},"end":{"line":518,"column":23}},{"start":{"line":518,"column":23},"end":{"line":518,"column":23}}]},"53":{"line":520,"type":"if","locations":[{"start":{"line":520,"column":8},"end":{"line":520,"column":8}},{"start":{"line":520,"column":8},"end":{"line":520,"column":8}}]},"54":{"line":521,"type":"if","locations":[{"start":{"line":521,"column":8},"end":{"line":521,"column":8}},{"start":{"line":521,"column":8},"end":{"line":521,"column":8}}]},"55":{"line":524,"type":"if","locations":[{"start":{"line":524,"column":8},"end":{"line":524,"column":8}},{"start":{"line":524,"column":8},"end":{"line":524,"column":8}}]},"56":{"line":525,"type":"if","locations":[{"start":{"line":525,"column":8},"end":{"line":525,"column":8}},{"start":{"line":525,"column":8},"end":{"line":525,"column":8}}]},"57":{"line":528,"type":"if","locations":[{"start":{"line":528,"column":8},"end":{"line":528,"column":8}},{"start":{"line":528,"column":8},"end":{"line":528,"column":8}}]},"58":{"line":529,"type":"if","locations":[{"start":{"line":529,"column":8},"end":{"line":529,"column":8}},{"start":{"line":529,"column":8},"end":{"line":529,"column":8}}]},"59":{"line":530,"type":"if","locations":[{"start":{"line":530,"column":8},"end":{"line":530,"column":8}},{"start":{"line":530,"column":8},"end":{"line":530,"column":8}}]},"60":{"line":533,"type":"if","locations":[{"start":{"line":533,"column":8},"end":{"line":533,"column":8}},{"start":{"line":533,"column":8},"end":{"line":533,"column":8}}]},"61":{"line":563,"type":"if","locations":[{"start":{"line":563,"column":8},"end":{"line":563,"column":8}},{"start":{"line":563,"column":8},"end":{"line":563,"column":8}}]},"62":{"line":572,"type":"if","locations":[{"start":{"line":572,"column":8},"end":{"line":572,"column":8}},{"start":{"line":572,"column":8},"end":{"line":572,"column":8}}]},"63":{"line":582,"type":"if","locations":[{"start":{"line":582,"column":8},"end":{"line":582,"column":8}},{"start":{"line":582,"column":8},"end":{"line":582,"column":8}}]},"64":{"line":593,"type":"if","locations":[{"start":{"line":593,"column":8},"end":{"line":593,"column":8}},{"start":{"line":593,"column":8},"end":{"line":593,"column":8}}]},"65":{"line":613,"type":"if","locations":[{"start":{"line":613,"column":8},"end":{"line":613,"column":8}},{"start":{"line":613,"column":8},"end":{"line":613,"column":8}}]},"66":{"line":626,"type":"if","locations":[{"start":{"line":626,"column":8},"end":{"line":626,"column":8}},{"start":{"line":626,"column":8},"end":{"line":626,"column":8}}]},"67":{"line":637,"type":"if","locations":[{"start":{"line":637,"column":8},"end":{"line":637,"column":8}},{"start":{"line":637,"column":8},"end":{"line":637,"column":8}}]},"68":{"line":643,"type":"if","locations":[{"start":{"line":643,"column":8},"end":{"line":643,"column":8}},{"start":{"line":643,"column":8},"end":{"line":643,"column":8}}]},"69":{"line":669,"type":"if","locations":[{"start":{"line":669,"column":15},"end":{"line":669,"column":15}},{"start":{"line":669,"column":15},"end":{"line":669,"column":15}}]},"70":{"line":671,"type":"if","locations":[{"start":{"line":671,"column":8},"end":{"line":671,"column":8}},{"start":{"line":671,"column":8},"end":{"line":671,"column":8}}]},"71":{"line":672,"type":"if","locations":[{"start":{"line":672,"column":8},"end":{"line":672,"column":8}},{"start":{"line":672,"column":8},"end":{"line":672,"column":8}}]},"72":{"line":673,"type":"if","locations":[{"start":{"line":673,"column":8},"end":{"line":673,"column":8}},{"start":{"line":673,"column":8},"end":{"line":673,"column":8}}]},"73":{"line":674,"type":"if","locations":[{"start":{"line":674,"column":8},"end":{"line":674,"column":8}},{"start":{"line":674,"column":8},"end":{"line":674,"column":8}}]},"74":{"line":679,"type":"if","locations":[{"start":{"line":679,"column":12},"end":{"line":679,"column":12}},{"start":{"line":679,"column":12},"end":{"line":679,"column":12}}]},"75":{"line":688,"type":"if","locations":[{"start":{"line":688,"column":12},"end":{"line":688,"column":12}},{"start":{"line":688,"column":12},"end":{"line":688,"column":12}}]},"76":{"line":691,"type":"if","locations":[{"start":{"line":691,"column":16},"end":{"line":691,"column":16}},{"start":{"line":691,"column":16},"end":{"line":691,"column":16}}]},"77":{"line":709,"type":"if","locations":[{"start":{"line":709,"column":59},"end":{"line":709,"column":59}},{"start":{"line":709,"column":59},"end":{"line":709,"column":59}}]},"78":{"line":711,"type":"if","locations":[{"start":{"line":711,"column":8},"end":{"line":711,"column":8}},{"start":{"line":711,"column":8},"end":{"line":711,"column":8}}]},"79":{"line":712,"type":"if","locations":[{"start":{"line":712,"column":8},"end":{"line":712,"column":8}},{"start":{"line":712,"column":8},"end":{"line":712,"column":8}}]},"80":{"line":737,"type":"if","locations":[{"start":{"line":737,"column":8},"end":{"line":737,"column":8}},{"start":{"line":737,"column":8},"end":{"line":737,"column":8}}]},"81":{"line":748,"type":"if","locations":[{"start":{"line":748,"column":8},"end":{"line":748,"column":8}},{"start":{"line":748,"column":8},"end":{"line":748,"column":8}}]},"82":{"line":755,"type":"if","locations":[{"start":{"line":755,"column":12},"end":{"line":755,"column":12}},{"start":{"line":755,"column":12},"end":{"line":755,"column":12}}]},"83":{"line":764,"type":"if","locations":[{"start":{"line":764,"column":8},"end":{"line":764,"column":8}},{"start":{"line":764,"column":8},"end":{"line":764,"column":8}}]},"84":{"line":778,"type":"if","locations":[{"start":{"line":778,"column":8},"end":{"line":778,"column":8}},{"start":{"line":778,"column":8},"end":{"line":778,"column":8}}]},"85":{"line":795,"type":"if","locations":[{"start":{"line":795,"column":8},"end":{"line":795,"column":8}},{"start":{"line":795,"column":8},"end":{"line":795,"column":8}}]},"86":{"line":797,"type":"if","locations":[{"start":{"line":797,"column":8},"end":{"line":797,"column":8}},{"start":{"line":797,"column":8},"end":{"line":797,"column":8}}]},"87":{"line":811,"type":"if","locations":[{"start":{"line":811,"column":8},"end":{"line":811,"column":8}},{"start":{"line":811,"column":8},"end":{"line":811,"column":8}}]},"88":{"line":822,"type":"if","locations":[{"start":{"line":822,"column":8},"end":{"line":822,"column":8}},{"start":{"line":822,"column":8},"end":{"line":822,"column":8}}]},"89":{"line":865,"type":"if","locations":[{"start":{"line":865,"column":8},"end":{"line":865,"column":8}},{"start":{"line":865,"column":8},"end":{"line":865,"column":8}}]},"90":{"line":866,"type":"if","locations":[{"start":{"line":866,"column":8},"end":{"line":866,"column":8}},{"start":{"line":866,"column":8},"end":{"line":866,"column":8}}]},"91":{"line":869,"type":"if","locations":[{"start":{"line":869,"column":8},"end":{"line":869,"column":8}},{"start":{"line":869,"column":8},"end":{"line":869,"column":8}}]},"92":{"line":873,"type":"if","locations":[{"start":{"line":873,"column":46},"end":{"line":873,"column":57}},{"start":{"line":873,"column":61},"end":{"line":873,"column":61}}]},"93":{"line":929,"type":"if","locations":[{"start":{"line":929,"column":15},"end":{"line":929,"column":15}},{"start":{"line":929,"column":15},"end":{"line":929,"column":15}}]},"94":{"line":930,"type":"if","locations":[{"start":{"line":930,"column":8},"end":{"line":930,"column":8}},{"start":{"line":930,"column":8},"end":{"line":930,"column":8}}]},"95":{"line":943,"type":"if","locations":[{"start":{"line":943,"column":62},"end":{"line":943,"column":62}},{"start":{"line":943,"column":62},"end":{"line":943,"column":62}}]},"96":{"line":944,"type":"if","locations":[{"start":{"line":944,"column":8},"end":{"line":944,"column":8}},{"start":{"line":944,"column":8},"end":{"line":944,"column":8}}]},"97":{"line":954,"type":"if","locations":[{"start":{"line":954,"column":39},"end":{"line":954,"column":39}},{"start":{"line":954,"column":39},"end":{"line":954,"column":39}}]},"98":{"line":956,"type":"if","locations":[{"start":{"line":956,"column":8},"end":{"line":956,"column":8}},{"start":{"line":956,"column":8},"end":{"line":956,"column":8}}]},"99":{"line":961,"type":"if","locations":[{"start":{"line":961,"column":8},"end":{"line":961,"column":8}},{"start":{"line":961,"column":8},"end":{"line":961,"column":8}}]},"100":{"line":971,"type":"if","locations":[{"start":{"line":971,"column":42},"end":{"line":971,"column":42}},{"start":{"line":971,"column":42},"end":{"line":971,"column":42}}]},"101":{"line":973,"type":"if","locations":[{"start":{"line":973,"column":8},"end":{"line":973,"column":8}},{"start":{"line":973,"column":8},"end":{"line":973,"column":8}}]},"102":{"line":977,"type":"if","locations":[{"start":{"line":977,"column":8},"end":{"line":977,"column":8}},{"start":{"line":977,"column":8},"end":{"line":977,"column":8}}]}}}}